2026-02-28 16:29:31,365 - INFO - 获取到 41 条未处理 raw 记忆
2026-02-28 16:29:31,367 - INFO - 处理簇 0，包含 5 条记忆
2026-02-28 16:29:41,239 - DEBUG - Building prefix dict from the default dictionary ...
2026-02-28 16:29:41,532 - DEBUG - Dumping model to file cache C:\Users\Public\Documents\Wondershare\CreatorTemp\jieba.cache
2026-02-28 16:29:41,558 - DEBUG - Loading model cost 0.319 seconds.
2026-02-28 16:29:41,558 - DEBUG - Prefix dict has been built successfully.
2026-02-28 16:29:56,032 - INFO - ✅ 簇总结完成，类型 persona_trait，置信度 0.92，重要性 0.88，处理 5 条 raw 记忆
2026-02-28 16:29:56,032 - INFO - 处理簇 1，包含 7 条记忆
2026-02-28 16:30:22,842 - INFO - ✅ 簇总结完成，类型 persona_trait，置信度 0.92，重要性 0.88，处理 7 条 raw 记忆
2026-02-28 16:30:22,843 - INFO - 处理簇 2，包含 3 条记忆
2026-02-28 16:30:52,116 - INFO - ✅ 簇总结完成，类型 experience，置信度 0.92，重要性 0.88，处理 3 条 raw 记忆
2026-02-28 16:30:52,116 - INFO - 处理簇 3，包含 10 条记忆
2026-02-28 16:31:30,967 - INFO - ✅ 簇总结完成，类型 persona_trait，置信度 0.92，重要性 0.88，处理 10 条 raw 记忆
2026-02-28 20:55:07,960 - INFO - 没有新记忆需要总结
2026-03-01 02:55:10,016 - INFO - 没有新记忆需要总结
2026-03-01 09:18:03,630 - ERROR - ❌ 配置验证失败: HTTPConnectionPool(host='localhost', port=11434): Max retries exceeded with url: /api/tags (Caused by NewConnectionError("HTTPConnection(host='localhost', port=11434): Failed to establish a new connection: [WinError 10061] 由于目标计算机积极拒绝，无法连接。"))
2026-03-01 09:18:15,458 - ERROR - ❌ 配置验证失败: HTTPConnectionPool(host='localhost', port=11434): Max retries exceeded with url: /api/tags (Caused by NewConnectionError("HTTPConnection(host='localhost', port=11434): Failed to establish a new connection: [WinError 10061] 由于目标计算机积极拒绝，无法连接。"))
2026-03-01 09:18:27,217 - ERROR - ❌ 配置验证失败: HTTPConnectionPool(host='localhost', port=11434): Max retries exceeded with url: /api/tags (Caused by NewConnectionError("HTTPConnection(host='localhost', port=11434): Failed to establish a new connection: [WinError 10061] 由于目标计算机积极拒绝，无法连接。"))
2026-03-01 09:18:35,924 - ERROR - ❌ 配置验证失败: HTTPConnectionPool(host='localhost', port=11434): Max retries exceeded with url: /api/tags (Caused by NewConnectionError("HTTPConnection(host='localhost', port=11434): Failed to establish a new connection: [WinError 10061] 由于目标计算机积极拒绝，无法连接。"))
2026-03-01 09:18:43,640 - ERROR - ❌ 配置验证失败: HTTPConnectionPool(host='localhost', port=11434): Max retries exceeded with url: /api/tags (Caused by NewConnectionError("HTTPConnection(host='localhost', port=11434): Failed to establish a new connection: [WinError 10061] 由于目标计算机积极拒绝，无法连接。"))
2026-03-01 09:18:51,364 - ERROR - ❌ 配置验证失败: HTTPConnectionPool(host='localhost', port=11434): Max retries exceeded with url: /api/tags (Caused by NewConnectionError("HTTPConnection(host='localhost', port=11434): Failed to establish a new connection: [WinError 10061] 由于目标计算机积极拒绝，无法连接。"))
2026-03-01 09:18:58,923 - ERROR - ❌ 配置验证失败: HTTPConnectionPool(host='localhost', port=11434): Max retries exceeded with url: /api/tags (Caused by NewConnectionError("HTTPConnection(host='localhost', port=11434): Failed to establish a new connection: [WinError 10061] 由于目标计算机积极拒绝，无法连接。"))
2026-03-01 09:19:06,696 - ERROR - ❌ 配置验证失败: HTTPConnectionPool(host='localhost', port=11434): Max retries exceeded with url: /api/tags (Caused by NewConnectionError("HTTPConnection(host='localhost', port=11434): Failed to establish a new connection: [WinError 10061] 由于目标计算机积极拒绝，无法连接。"))
2026-03-01 09:19:14,395 - ERROR - ❌ 配置验证失败: HTTPConnectionPool(host='localhost', port=11434): Max retries exceeded with url: /api/tags (Caused by NewConnectionError("HTTPConnection(host='localhost', port=11434): Failed to establish a new connection: [WinError 10061] 由于目标计算机积极拒绝，无法连接。"))
2026-03-01 09:19:21,959 - ERROR - ❌ 配置验证失败: HTTPConnectionPool(host='localhost', port=11434): Max retries exceeded with url: /api/tags (Caused by NewConnectionError("HTTPConnection(host='localhost', port=11434): Failed to establish a new connection: [WinError 10061] 由于目标计算机积极拒绝，无法连接。"))
2026-03-01 09:19:25,549 - INFO - ✅ 配置验证通过
2026-03-01 09:19:25,550 - INFO - 自动总结服务启动（启用聚类，使用 30B 模型）
2026-03-01 09:19:27,620 - INFO - 获取到 57 条未处理 raw 记忆
2026-03-01 09:19:27,623 - INFO - 处理簇 0，包含 17 条记忆
2026-03-01 09:19:39,681 - DEBUG - Building prefix dict from the default dictionary ...
2026-03-01 09:19:39,681 - DEBUG - Loading model from cache C:\Users\Public\Documents\Wondershare\CreatorTemp\jieba.cache
2026-03-01 09:19:40,172 - DEBUG - Loading model cost 0.491 seconds.
2026-03-01 09:19:40,173 - DEBUG - Prefix dict has been built successfully.
2026-03-01 09:19:46,660 - ERROR - ❌ HTTP 请求失败: 400 Client Error: Bad Request for url: http://localhost:6333/collections/agent_memory/points/payload
2026-03-01 09:19:46,660 - INFO - 处理簇 1，包含 7 条记忆
2026-03-01 09:20:02,432 - ERROR - ❌ HTTP 请求失败: 400 Client Error: Bad Request for url: http://localhost:6333/collections/agent_memory/points/payload
2026-03-01 09:20:02,432 - INFO - 处理簇 2，包含 3 条记忆
2026-03-01 09:20:22,563 - ERROR - ❌ HTTP 请求失败: 400 Client Error: Bad Request for url: http://localhost:6333/collections/agent_memory/points/payload
2026-03-01 09:20:22,563 - INFO - 处理簇 3，包含 10 条记忆
2026-03-01 09:20:39,576 - ERROR - ❌ HTTP 请求失败: 400 Client Error: Bad Request for url: http://localhost:6333/collections/agent_memory/points/payload
